[2026-03-23 14:27:49] [INFO] Index page loaded. Method: GET
[2026-03-23 14:27:49] [INFO] Cleared temporary forecast files
[2026-03-23 14:27:51] [INFO] Index page loaded. Method: GET
[2026-03-23 14:27:51] [INFO] Cleared temporary forecast files
[2026-03-23 14:28:06] [INFO] Index page loaded. Method: POST
[2026-03-23 14:28:06] [INFO] File upload initiated
[2026-03-23 14:28:06] [ERROR] File upload error: Invalid file type. Only CSV files are allowed
[2026-03-23 14:28:18] [INFO] Index page loaded. Method: POST
[2026-03-23 14:28:18] [INFO] File upload initiated
[2026-03-23 14:28:18] [ERROR] File upload error: Invalid file type. Only CSV files are allowed
[2026-03-23 14:29:08] [INFO] Index page loaded. Method: GET
[2026-03-23 14:29:08] [INFO] Cleared temporary forecast files
[2026-03-23 14:29:13] [INFO] Index page loaded. Method: POST
[2026-03-23 14:29:13] [INFO] File upload initiated
[2026-03-23 14:29:13] [INFO] File uploaded successfully: NCR_Total_Enrollees.csv
[2026-03-23 14:29:18] [INFO] Index page loaded. Method: POST
[2026-03-23 14:29:18] [INFO] Forecast generation initiated
[2026-03-23 14:29:21] [INFO] Forecast generated successfully
[2026-03-23 16:42:41] [INFO] Index page loaded. Method: GET
[2026-03-23 16:42:41] [INFO] Cleared temporary forecast files
[2026-03-23 16:42:48] [INFO] Index page loaded. Method: GET
[2026-03-23 16:42:48] [INFO] Cleared temporary forecast files
[2026-03-23 17:06:41] [INFO] Index page loaded. Method: GET
[2026-03-23 17:06:41] [INFO] Cleared temporary forecast files
[2026-03-23 17:18:20] [INFO] Index page loaded. Method: GET
[2026-03-23 17:18:20] [INFO] Cleared temporary forecast files
[2026-03-23 17:19:28] [INFO] Index page loaded. Method: GET
[2026-03-23 17:19:45] [INFO] Index page loaded. Method: POST
[2026-03-23 17:19:45] [INFO] File upload initiated
[2026-03-23 17:19:45] [INFO] File uploaded successfully
[2026-03-23 17:19:46] [INFO] Index page loaded. Method: POST
[2026-03-23 17:20:00] [INFO] Index page loaded. Method: GET
[2026-03-23 17:20:00] [INFO] Cleared temporary forecast files
[2026-03-23 17:20:07] [INFO] Index page loaded. Method: POST
[2026-03-23 17:20:07] [INFO] File upload initiated
[2026-03-23 17:20:07] [INFO] File uploaded successfully: NCR_Total_Enrollees.csv
[2026-03-23 17:20:10] [INFO] Index page loaded. Method: POST
[2026-03-23 17:20:10] [INFO] Forecast generation initiated
[2026-03-23 17:20:13] [INFO] Forecast generated successfully
[2026-03-23 17:31:56] [INFO] Index page loaded. Method: GET
[2026-03-23 17:31:56] [INFO] Cleared temporary forecast files
[2026-03-23 17:32:12] [INFO] Index page loaded. Method: GET
[2026-03-23 17:32:12] [INFO] Cleared temporary forecast files
[2026-03-23 17:32:38] [INFO] Index page loaded. Method: POST
[2026-03-23 17:38:35] [INFO] Index page loaded. Method: POST
[2026-03-23 17:38:50] [INFO] Index page loaded. Method: POST
[2026-03-23 17:38:59] [INFO] Index page loaded. Method: POST
[2026-03-23 17:38:59] [INFO] File upload initiated
[2026-03-23 17:38:59] [INFO] File uploaded successfully: NCR_Total_Enrollees.csv
[2026-03-23 17:39:00] [INFO] Index page loaded. Method: POST
[2026-03-23 17:39:04] [INFO] Index page loaded. Method: POST
[2026-03-23 17:39:04] [INFO] Forecast generation initiated
[2026-03-23 17:39:06] [INFO] Forecast generated successfully
[2026-03-23 17:39:06] [INFO] Index page loaded. Method: POST
[2026-03-23 17:39:06] [INFO] Forecast generation initiated
[2026-03-23 17:39:09] [INFO] Forecast generated successfully
[2026-03-23 17:39:09] [INFO] Index page loaded. Method: POST
[2026-03-23 17:39:09] [INFO] Index page loaded. Method: POST
[2026-03-23 17:44:01] [INFO] Index page loaded. Method: POST
[2026-03-23 17:54:05] [INFO] Index page loaded. Method: POST
[2026-03-23 17:54:18] [INFO] Index page loaded. Method: POST
[2026-03-23 17:54:18] [INFO] File upload initiated
[2026-03-23 17:54:18] [INFO] File uploaded successfully: NCR_Total_Enrollees.csv
[2026-03-23 17:54:19] [INFO] Index page loaded. Method: POST
[2026-03-23 17:54:51] [INFO] Index page loaded. Method: POST
[2026-03-23 17:54:59] [INFO] Index page loaded. Method: POST
[2026-03-23 17:54:59] [INFO] File upload initiated
[2026-03-23 17:54:59] [INFO] File uploaded successfully: NCR_Total_Enrollees.csv
[2026-03-23 17:55:01] [INFO] Index page loaded. Method: POST
[2026-03-23 17:55:01] [INFO] Forecast generation initiated
[2026-03-23 17:55:04] [INFO] Forecast generated successfully
[2026-03-23 17:55:33] [INFO] Index page loaded. Method: POST
[2026-03-23 17:56:28] [INFO] Index page loaded. Method: POST
[2026-03-23 17:56:40] [INFO] Index page loaded. Method: POST
[2026-03-23 17:56:49] [INFO] Index page loaded. Method: POST
[2026-03-23 17:56:49] [INFO] File upload initiated
[2026-03-23 17:56:49] [INFO] File uploaded successfully: NCR_Total_Enrollees.csv
[2026-03-23 17:56:50] [INFO] Index page loaded. Method: POST
[2026-03-23 17:56:50] [INFO] Forecast generation initiated
[2026-03-23 17:56:53] [INFO] Forecast generated successfully
[2026-03-23 17:56:55] [INFO] Index page loaded. Method: POST
[2026-03-23 17:56:55] [INFO] Forecast cleared by user
[2026-03-23 18:29:43] [INFO] Index page loaded. Method: POST
[2026-03-23 18:36:32] [INFO] Index page loaded. Method: POST
[2026-03-23 18:38:30] [INFO] Index page loaded. Method: POST
[2026-03-23 18:40:44] [INFO] Index page loaded. Method: POST
[2026-03-23 18:41:05] [INFO] Index page loaded. Method: POST
[2026-03-23 18:41:05] [INFO] File upload initiated
[2026-03-23 18:41:05] [INFO] File uploaded successfully: NCR_Total_Enrollees.csv
[2026-03-23 18:41:07] [INFO] Index page loaded. Method: POST
[2026-03-23 18:41:07] [INFO] Forecast generation initiated
[2026-03-23 18:41:10] [INFO] Forecast generated successfully
[2026-03-23 18:42:56] [INFO] Index page loaded. Method: GET
[2026-03-23 18:42:56] [INFO] Cleared temporary forecast files
[2026-03-23 18:43:00] [INFO] Index page loaded. Method: POST
[2026-03-23 18:43:33] [INFO] Index page loaded. Method: POST
[2026-03-23 18:46:50] [INFO] Index page loaded. Method: POST
[2026-03-23 18:46:55] [INFO] Index page loaded. Method: GET
[2026-03-23 18:46:55] [INFO] Cleared temporary forecast files
[2026-03-23 18:47:01] [INFO] Index page loaded. Method: GET
[2026-03-23 18:47:01] [INFO] Cleared temporary forecast files
[2026-03-23 18:47:03] [INFO] Index page loaded. Method: GET
[2026-03-23 18:47:03] [INFO] Cleared temporary forecast files
[2026-03-23 18:47:05] [INFO] Index page loaded. Method: GET
[2026-03-23 18:47:05] [INFO] Cleared temporary forecast files
[2026-03-23 18:47:30] [INFO] Index page loaded. Method: POST
[2026-03-23 18:47:31] [INFO] Admin 1 added user: user1
[2026-03-23 18:47:40] [INFO] Index page loaded. Method: GET
[2026-03-23 18:47:40] [INFO] Cleared temporary forecast files
[2026-03-23 18:47:47] [INFO] Index page loaded. Method: GET
[2026-03-23 18:47:47] [INFO] Cleared temporary forecast files
[2026-03-23 18:47:50] [INFO] Index page loaded. Method: GET
[2026-03-23 18:47:50] [INFO] Cleared temporary forecast files
[2026-03-23 18:48:16] [INFO] Index page loaded. Method: POST
[2026-03-23 18:49:05] [INFO] Index page loaded. Method: POST
[2026-03-23 18:53:19] [INFO] Index page loaded. Method: POST
[2026-03-23 18:53:30] [INFO] Index page loaded. Method: POST
[2026-03-23 19:01:36] [INFO] Index page loaded. Method: POST
[2026-03-23 19:01:58] [INFO] Index page loaded. Method: POST
[2026-03-23 19:02:23] [INFO] Index page loaded. Method: POST
[2026-03-23 19:02:25] [INFO] Index page loaded. Method: GET
[2026-03-23 19:02:25] [INFO] Cleared temporary forecast files
[2026-03-23 19:02:28] [INFO] Index page loaded. Method: GET
[2026-03-23 19:02:28] [INFO] Cleared temporary forecast files
[2026-03-23 19:04:17] [INFO] Index page loaded. Method: POST
[2026-03-23 19:04:17] [INFO] Index page loaded. Method: POST
[2026-03-23 19:04:20] [INFO] Index page loaded. Method: POST
[2026-03-23 19:04:20] [INFO] Admin 5 added user: testuser2
[2026-03-23 19:04:24] [INFO] Index page loaded. Method: POST
[2026-03-23 19:04:45] [INFO] Index page loaded. Method: GET
[2026-03-23 19:04:45] [INFO] Cleared temporary forecast files
[2026-03-23 19:05:41] [INFO] Index page loaded. Method: POST
[2026-03-23 19:05:41] [INFO] Index page loaded. Method: GET
[2026-03-23 19:05:41] [INFO] Cleared temporary forecast files
[2026-03-23 19:05:46] [INFO] Index page loaded. Method: POST
[2026-03-23 19:06:02] [INFO] Index page loaded. Method: GET
[2026-03-23 19:06:02] [INFO] Cleared temporary forecast files
[2026-03-23 19:06:17] [INFO] Index page loaded. Method: GET
[2026-03-23 19:06:17] [INFO] Cleared temporary forecast files
[2026-03-23 19:06:26] [INFO] Index page loaded. Method: POST
[2026-03-23 19:06:28] [INFO] Index page loaded. Method: GET
[2026-03-23 19:06:28] [INFO] Cleared temporary forecast files
[2026-03-23 19:06:29] [INFO] Index page loaded. Method: GET
[2026-03-23 19:06:29] [INFO] Cleared temporary forecast files
[2026-03-23 19:07:44] [INFO] Index page loaded. Method: POST
[2026-03-23 19:07:44] [INFO] Index page loaded. Method: GET
[2026-03-23 19:07:44] [INFO] Cleared temporary forecast files
[2026-03-23 19:07:48] [INFO] Index page loaded. Method: GET
[2026-03-23 19:07:48] [INFO] Cleared temporary forecast files
[2026-03-23 19:07:53] [INFO] Index page loaded. Method: POST
[2026-03-23 19:08:00] [INFO] Index page loaded. Method: GET
[2026-03-23 19:08:00] [INFO] Cleared temporary forecast files
[2026-03-23 19:08:07] [INFO] Index page loaded. Method: GET
[2026-03-23 19:08:07] [INFO] Cleared temporary forecast files
[2026-03-23 19:08:14] [INFO] Index page loaded. Method: GET
[2026-03-23 19:08:14] [INFO] Cleared temporary forecast files
[2026-03-23 19:08:19] [INFO] Index page loaded. Method: GET
[2026-03-23 19:08:19] [INFO] Cleared temporary forecast files
[2026-03-23 19:08:39] [INFO] Index page loaded. Method: GET
[2026-03-23 19:08:39] [INFO] Cleared temporary forecast files
[2026-03-23 19:08:45] [INFO] Index page loaded. Method: GET
[2026-03-23 19:08:45] [INFO] Cleared temporary forecast files
[2026-03-23 19:09:18] [INFO] Index page loaded. Method: GET
[2026-03-23 19:09:18] [INFO] Cleared temporary forecast files
[2026-03-23 19:09:31] [INFO] Index page loaded. Method: GET
[2026-03-23 19:09:31] [INFO] Cleared temporary forecast files
[2026-03-23 19:10:05] [INFO] Index page loaded. Method: GET
[2026-03-23 19:10:05] [INFO] Cleared temporary forecast files
[2026-03-23 19:10:14] [INFO] Index page loaded. Method: POST
[2026-03-23 19:10:14] [INFO] File upload initiated
[2026-03-23 19:10:14] [INFO] File uploaded successfully: NCR_Total_Enrollees.csv
[2026-03-23 19:10:16] [INFO] Index page loaded. Method: POST
[2026-03-23 19:10:16] [INFO] Forecast generation initiated
[2026-03-23 19:10:20] [INFO] Forecast generated successfully
[2026-03-24 02:07:02] [INFO] Index page loaded. Method: GET
[2026-03-24 02:07:09] [INFO] Index page loaded. Method: POST
[2026-03-24 02:07:09] [INFO] Forecast cleared by user
[2026-03-24 02:07:30] [INFO] Index page loaded. Method: POST
[2026-03-24 02:07:33] [INFO] Index page loaded. Method: GET
[2026-03-24 02:07:36] [INFO] Index page loaded. Method: GET
[2026-03-24 02:18:09] [INFO] Index page loaded. Method: POST
[2026-03-24 02:18:41] [INFO] Index page loaded. Method: POST
[2026-03-24 02:23:53] [INFO] Index page loaded. Method: POST
[2026-03-24 02:25:00] [INFO] Index page loaded. Method: POST
[2026-03-24 02:25:18] [INFO] Index page loaded. Method: POST
[2026-03-24 02:27:59] [INFO] Index page loaded. Method: POST
[2026-03-24 07:43:07] [INFO] Index page loaded. Method: GET
[2026-03-24 07:43:38] [INFO] Index page loaded. Method: POST
[2026-03-24 07:43:38] [INFO] File upload initiated
[2026-03-24 07:43:38] [INFO] File uploaded successfully: NCR_Total_Enrollees.csv
[2026-03-24 07:43:42] [INFO] Index page loaded. Method: POST
[2026-03-24 07:43:42] [INFO] Forecast generation initiated
[2026-03-24 07:43:47] [INFO] Forecast generated successfully
[2026-03-24 07:48:09] [INFO] Index page loaded. Method: GET
[2026-03-24 07:48:12] [INFO] Index page loaded. Method: GET
[2026-03-24 07:48:12] [INFO] Index page loaded. Method: GET
[2026-03-24 07:48:12] [INFO] Index page loaded. Method: GET
[2026-03-24 07:48:17] [INFO] Index page loaded. Method: POST
[2026-03-24 07:48:17] [INFO] Forecast generation initiated
[2026-03-24 07:48:20] [INFO] Forecast generated successfully
[2026-03-24 07:48:28] [INFO] Index page loaded. Method: GET
[2026-03-24 07:48:36] [INFO] Index page loaded. Method: POST
[2026-03-24 07:48:41] [INFO] Index page loaded. Method: POST
[2026-03-24 07:48:41] [INFO] Forecast cleared by user
[2026-03-24 07:48:47] [INFO] Index page loaded. Method: POST
[2026-03-24 07:48:47] [INFO] Forecast cleared by user
[2026-03-24 07:48:49] [INFO] Index page loaded. Method: POST
[2026-03-24 07:48:49] [INFO] Forecast generation initiated
[2026-03-24 07:48:51] [INFO] Forecast generated successfully
[2026-03-24 07:53:16] [INFO] Index page loaded. Method: POST
[2026-03-24 07:57:08] [INFO] Index page loaded. Method: POST
[2026-03-24 08:09:05] [INFO] Index page loaded. Method: POST
[2026-03-24 08:09:21] [INFO] Index page loaded. Method: POST
[2026-03-24 08:09:21] [INFO] Forecast generation initiated
[2026-03-24 08:09:23] [INFO] Forecast generated successfully
[2026-03-24 08:09:48] [INFO] Index page loaded. Method: POST
[2026-03-24 08:09:48] [INFO] Forecast cleared by user
[2026-03-24 08:09:53] [INFO] Index page loaded. Method: POST
[2026-03-24 08:09:53] [INFO] File upload initiated
[2026-03-24 08:09:53] [INFO] File uploaded successfully: NCR_Total_Enrollees.csv
[2026-03-24 08:09:54] [INFO] Index page loaded. Method: POST
[2026-03-24 08:09:54] [INFO] Forecast generation initiated
[2026-03-24 08:09:57] [INFO] Forecast generated successfully
[2026-03-24 08:12:19] [INFO] Index page loaded. Method: POST
[2026-03-24 14:22:54] [INFO] Index page loaded. Method: GET
[2026-03-25 04:10:10] [INFO] Index page loaded. Method: GET
[2026-03-25 04:11:33] [INFO] Index page loaded. Method: POST
[2026-03-25 04:24:25] [INFO] Index page loaded. Method: GET
[2026-03-25 04:24:28] [INFO] Index page loaded. Method: GET
[2026-03-25 06:57:30] [INFO] Index page loaded. Method: GET
[2026-03-25 06:57:37] [INFO] Index page loaded. Method: GET
[2026-03-25 06:58:02] [INFO] Index page loaded. Method: POST
[2026-03-25 06:58:08] [INFO] Index page loaded. Method: POST
[2026-03-25 06:58:08] [INFO] Forecast cleared by user
[2026-03-25 06:58:24] [ERROR] Per-school upload error: File exceeds 5MB limit
[2026-03-25 06:58:24] [INFO] Index page loaded. Method: POST
[2026-03-25 06:58:33] [INFO] Index page loaded. Method: POST
[2026-03-25 06:58:33] [INFO] Forecast generation initiated
[2026-03-25 06:58:42] [INFO] Forecast generated successfully
[2026-03-25 06:58:46] [INFO] Index page loaded. Method: POST
[2026-03-25 06:58:46] [INFO] Forecast generation initiated
[2026-03-25 06:58:51] [INFO] Forecast generated successfully
[2026-03-25 06:58:51] [INFO] Index page loaded. Method: POST
[2026-03-25 06:58:51] [INFO] Forecast generation initiated
[2026-03-25 06:58:56] [INFO] Forecast generated successfully
[2026-03-25 06:58:56] [INFO] Index page loaded. Method: POST
[2026-03-25 06:58:56] [INFO] Forecast generation initiated
[2026-03-25 06:59:00] [INFO] Forecast generated successfully
[2026-03-25 06:59:00] [INFO] Index page loaded. Method: POST
[2026-03-25 06:59:00] [INFO] Forecast generation initiated
[2026-03-25 06:59:04] [INFO] Forecast generated successfully
[2026-03-25 06:59:04] [INFO] Index page loaded. Method: POST
[2026-03-25 06:59:04] [INFO] Forecast generation initiated
[2026-03-25 06:59:09] [INFO] Forecast generated successfully
[2026-03-25 06:59:09] [ERROR] Per-school upload error: File exceeds 5MB limit
[2026-03-25 06:59:09] [INFO] Index page loaded. Method: POST
[2026-03-25 06:59:09] [ERROR] Per-school upload error: File exceeds 5MB limit
[2026-03-25 06:59:09] [INFO] Index page loaded. Method: POST
[2026-03-25 06:59:09] [INFO] Index page loaded. Method: POST
[2026-03-25 06:59:09] [INFO] Forecast generation initiated
[2026-03-25 06:59:13] [INFO] Forecast generated successfully
[2026-03-25 07:08:16] [INFO] Index page loaded. Method: POST
[2026-03-25 07:08:41] [INFO] Per-school CSV uploaded by user 5
[2026-03-25 07:09:01] [INFO] Per-school forecast generated by user 5
[2026-03-25 08:21:33] [INFO] Index page loaded. Method: POST
[2026-03-25 08:21:42] [INFO] Index page loaded. Method: POST
[2026-03-25 08:21:42] [INFO] File upload initiated
[2026-03-25 08:21:42] [INFO] File uploaded successfully: NCR_Total_Enrollees.csv
[2026-03-25 08:21:45] [INFO] Index page loaded. Method: POST
[2026-03-25 08:21:45] [INFO] Forecast generation initiated
[2026-03-25 08:22:03] [INFO] Forecast generated successfully
[2026-03-25 08:22:14] [INFO] Index page loaded. Method: POST
[2026-03-25 08:22:14] [INFO] Forecast generation initiated
[2026-03-25 08:22:29] [INFO] Forecast generated successfully
[2026-03-25 08:22:29] [INFO] Index page loaded. Method: POST
[2026-03-25 08:22:29] [INFO] Forecast cleared by user
[2026-03-25 08:22:40] [INFO] Index page loaded. Method: POST
[2026-03-25 08:22:40] [INFO] File upload initiated
[2026-03-25 08:22:40] [INFO] File uploaded successfully: NCR_Total_Enrollees.csv
[2026-03-25 08:22:45] [INFO] Index page loaded. Method: POST
[2026-03-25 08:22:45] [INFO] Forecast generation initiated
[2026-03-25 08:22:58] [INFO] Forecast generated successfully
[2026-03-26 02:13:38] [INFO] Index page loaded. Method: POST
[2026-03-26 02:14:11] [INFO] Index page loaded. Method: GET
[2026-03-26 02:14:13] [INFO] Index page loaded. Method: GET
[2026-03-26 02:16:31] [INFO] Per-school forecast cleared by user 5
[2026-03-26 02:24:29] [INFO] Index page loaded. Method: GET
[2026-03-26 02:24:47] [INFO] Index page loaded. Method: GET
[2026-03-26 02:24:53] [INFO] Index page loaded. Method: GET
[2026-03-26 02:24:55] [INFO] Index page loaded. Method: GET
[2026-03-26 02:25:06] [INFO] Per-school CSV uploaded by user 5
[2026-03-26 02:25:22] [INFO] Per-school forecast generated by user 5
[2026-03-26 02:25:48] [INFO] Index page loaded. Method: GET
[2026-03-26 09:02:18] [INFO] Index page loaded. Method: POST
[2026-03-26 09:02:36] [INFO] Index page loaded. Method: GET
[2026-03-26 09:02:37] [INFO] Index page loaded. Method: GET
[2026-03-26 09:09:15] [INFO] Index page loaded. Method: GET
[2026-03-26 09:10:43] [INFO] Index page loaded. Method: POST
[2026-03-26 09:11:29] [INFO] Per-school forecast cleared by user 5
[2026-03-26 15:54:47] [INFO] Index page loaded. Method: POST
[2026-03-26 15:55:38] [INFO] Index page loaded. Method: GET
[2026-03-26 15:55:54] [INFO] Per-school CSV uploaded by user 5
[2026-03-26 15:56:09] [INFO] Per-school forecast generated by user 5
[2026-03-26 15:57:24] [INFO] Per-school forecast cleared by user 5
[2026-03-27 03:57:05] [INFO] Index page loaded. Method: GET
[2026-03-27 05:10:01] [INFO] Index page loaded. Method: GET
[2026-03-27 05:10:08] [INFO] Index page loaded. Method: POST
[2026-03-27 16:22:52] [INFO] Index page loaded. Method: POST
[2026-03-28 05:25:18] [INFO] Index page loaded. Method: POST
[2026-03-28 05:26:25] [INFO] Index page loaded. Method: GET
[2026-03-28 05:26:34] [INFO] Index page loaded. Method: POST
[2026-03-28 05:26:34] [INFO] File upload initiated
[2026-03-28 05:26:34] [INFO] File uploaded successfully: NCR_Total_Enrollees.csv
[2026-03-28 05:26:36] [INFO] Index page loaded. Method: POST
[2026-03-28 05:26:36] [INFO] Forecast generation initiated
[2026-03-28 05:26:43] [INFO] Forecast generated successfully
[2026-03-28 05:27:17] [INFO] Per-school CSV uploaded by user 5
[2026-03-28 05:27:34] [INFO] Per-school forecast generated by user 5
[2026-03-29 17:09:32] [INFO] Index page loaded. Method: GET
[2026-03-29 17:09:57] [INFO] Index page loaded. Method: GET
[2026-03-29 17:10:08] [INFO] Per-school forecast cleared by user 5
[2026-03-29 17:10:20] [INFO] Per-school CSV uploaded by user 5
[2026-03-29 17:10:39] [INFO] Per-school forecast generated by user 5
[2026-03-29 17:11:40] [INFO] Admin 5 updated system settings
[2026-03-29 17:11:57] [INFO] Per-school forecast generated by user 5
[2026-03-29 17:12:10] [INFO] Index page loaded. Method: GET
[2026-03-30 13:25:46] [INFO] Index page loaded. Method: GET
[2026-03-30 13:38:46] [INFO] Index page loaded. Method: GET
[2026-03-30 13:39:04] [INFO] Index page loaded. Method: POST
[2026-03-30 13:39:04] [INFO] Forecast generation initiated
[2026-03-30 13:39:08] [ERROR] Forecast failed: Importing plotly failed. Interactive plots will not work.
2026-03-30 19:39:07 - __main__ - INFO - Starting forecast generation process
2026-03-30 19:39:08 - __main__ - INFO - Loaded config: Class Size=40, Academic Ratio=0.65, Sections per Teacher=1.5
2026-03-30 19:39:08 - __main__ - INFO - Loading enrollment dataset
2026-03-30 19:39:08 - __main__ - INFO - Loaded 10 rows from CSV
2026-03-30 19:39:08 - __main__ - ERROR - Data validation error: Missing required column: Total_Enrollees
ERROR: Data validation error: Missing required column: Total_Enrollees

[2026-03-30 13:39:13] [INFO] Index page loaded. Method: POST
[2026-03-30 13:39:13] [INFO] Forecast cleared by user
[2026-03-30 13:39:20] [INFO] Index page loaded. Method: POST
[2026-03-30 13:39:20] [INFO] File upload initiated
[2026-03-30 13:39:20] [ERROR] File upload error: Missing columns: Total_Enrollees
[2026-03-30 13:39:31] [INFO] Index page loaded. Method: POST
[2026-03-30 13:39:31] [INFO] File upload initiated
[2026-03-30 13:39:31] [INFO] File uploaded successfully: NCR_Total_Enrollees.csv
[2026-03-30 13:39:32] [INFO] Index page loaded. Method: POST
[2026-03-30 13:39:32] [INFO] Forecast generation initiated
[2026-03-30 13:39:35] [INFO] Forecast generated successfully
[2026-03-30 13:39:46] [INFO] Index page loaded. Method: GET
[2026-03-30 13:42:08] [INFO] Index page loaded. Method: GET
[2026-03-30 13:43:28] [INFO] Per-school forecast cleared by user 5
[2026-03-30 13:43:40] [ERROR] Per-school upload: Missing columns: Total_Enrollees
[2026-03-30 13:43:50] [ERROR] Per-school upload: Missing columns: Total_Enrollees
[2026-03-30 13:44:58] [ERROR] Per-school upload: Missing columns: Academic_Enrollees, TVL_Enrollees, Total_Enrollees
[2026-03-30 13:45:25] [INFO] Per-school CSV uploaded by user 5
[2026-03-30 13:45:34] [INFO] Per-school forecast generated by user 5
[2026-03-30 13:45:48] [INFO] Index page loaded. Method: GET
[2026-03-30 13:50:33] [INFO] Index page loaded. Method: GET
[2026-03-30 13:50:42] [INFO] Per-school CSV uploaded by user 5
[2026-03-30 13:50:47] [INFO] Per-school forecast generated by user 5
[2026-03-30 13:51:52] [INFO] Per-school forecast generated by user 5
[2026-03-30 13:52:30] [INFO] Admin 5 updated system settings
[2026-03-30 13:52:49] [INFO] Per-school forecast generated by user 5
[2026-03-30 13:53:23] [INFO] Admin 5 updated system settings
[2026-03-30 13:53:39] [INFO] Per-school forecast generated by user 5
[2026-03-30 13:53:50] [INFO] Per-school forecast cleared by user 5
[2026-03-30 13:53:57] [INFO] Per-school CSV uploaded by user 5
[2026-03-30 13:54:10] [INFO] Per-school forecast generated by user 5
[2026-03-30 16:39:49] [INFO] Index page loaded. Method: GET
[2026-03-30 19:04:32] [INFO] Index page loaded. Method: GET
[2026-03-30 19:04:44] [INFO] Per-school forecast cleared by user 5
[2026-03-30 19:05:01] [INFO] Index page loaded. Method: GET
[2026-03-30 19:05:12] [INFO] Per-school CSV uploaded by user 5
[2026-03-30 19:05:30] [INFO] Per-school forecast generated by user 5
[2026-03-31 05:39:07] [INFO] Index page loaded. Method: GET
[2026-03-31 05:50:46] [INFO] Per-school forecast cleared by user 5
[2026-03-31 05:51:18] [INFO] Index page loaded. Method: GET
[2026-03-31 05:51:25] [INFO] Per-school CSV uploaded by user 5
[2026-03-31 05:51:39] [INFO] Per-school forecast generated by user 5
[2026-03-31 05:52:15] [INFO] Admin 5 updated system settings
[2026-03-31 05:52:37] [INFO] Per-school forecast generated by user 5
[2026-04-01 04:27:23] [INFO] Index page loaded. Method: GET
[2026-04-01 04:45:44] [INFO] Index page loaded. Method: GET
[2026-04-07 02:30:58] [INFO] Index page loaded. Method: GET
[2026-04-07 02:31:10] [INFO] Per-school forecast cleared by user 5
[2026-04-07 02:31:25] [INFO] Per-school CSV uploaded by user 5
[2026-04-07 02:31:44] [INFO] Per-school forecast generated by user 5
[2026-04-14 05:10:12] [INFO] Index page loaded. Method: GET
[2026-04-14 05:11:24] [INFO] Index page loaded. Method: POST
[2026-04-14 05:11:24] [INFO] Forecast cleared by user
[2026-04-14 05:11:33] [INFO] Per-school forecast cleared by user 5
[2026-04-14 05:38:02] [INFO] Index page loaded. Method: GET
[2026-04-14 05:38:13] [INFO] Per-school CSV uploaded by user 5
[2026-04-14 05:38:29] [INFO] Per-school forecast generated by user 5
[2026-04-14 05:42:10] [INFO] Index page loaded. Method: GET
[2026-04-14 06:18:26] [INFO] Index page loaded. Method: GET
[2026-04-14 06:18:27] [INFO] Index page loaded. Method: GET
[2026-04-14 06:20:18] [INFO] Index page loaded. Method: GET
[2026-04-14 06:21:24] [INFO] Index page loaded. Method: GET
[2026-04-14 17:24:35] [INFO] Index page loaded. Method: GET
[2026-04-20 17:04:56] [INFO] Index page loaded. Method: GET
[2026-04-20 17:05:19] [INFO] Index page loaded. Method: POST
[2026-04-20 17:05:29] [INFO] Index page loaded. Method: POST
[2026-04-20 17:05:39] [INFO] Index page loaded. Method: POST
[2026-04-20 17:05:39] [INFO] Forecast cleared by user
[2026-04-20 17:05:48] [INFO] Per-school forecast cleared by user 5
[2026-04-20 17:06:02] [INFO] Per-school CSV uploaded by user 5
[2026-04-20 17:34:04] [INFO] Index page loaded. Method: GET
[2026-04-20 17:38:09] [INFO] Admin 5 added user: admin1
[2026-04-20 17:40:08] [INFO] Per-school forecast cleared by user 5
[2026-04-20 17:40:47] [INFO] Index page loaded. Method: POST
[2026-04-20 17:41:06] [INFO] Index page loaded. Method: GET
[2026-04-20 17:41:16] [INFO] Index page loaded. Method: POST
[2026-04-20 17:41:16] [INFO] Forecast cleared by user
[2026-04-20 17:43:02] [INFO] Index page loaded. Method: POST
[2026-04-20 17:43:10] [INFO] Index page loaded. Method: POST
[2026-04-20 17:43:56] [INFO] Index page loaded. Method: POST
[2026-04-20 17:44:11] [INFO] Index page loaded. Method: POST
[2026-04-20 17:44:11] [INFO] File upload initiated
[2026-04-20 17:44:11] [INFO] File uploaded successfully: NCR_Total_Enrollees.csv
[2026-04-20 17:44:13] [INFO] Index page loaded. Method: POST
[2026-04-20 17:44:13] [INFO] Forecast generation initiated
[2026-04-20 17:44:19] [INFO] Forecast generated successfully
[2026-04-20 17:44:42] [INFO] Per-school CSV uploaded by user 7
[2026-04-20 17:45:02] [INFO] Per-school forecast generated by user 7
[2026-04-20 17:45:52] [INFO] Admin 7 added user: admin2
[2026-04-20 17:51:20] [INFO] Index page loaded. Method: POST
[2026-04-20 17:51:28] [INFO] Admin 7 deleted user ID: 2
[2026-04-20 17:51:31] [INFO] Admin 7 deleted user ID: 8
[2026-04-20 17:51:42] [INFO] Admin 7 reset password for user ID: 7
[2026-04-20 17:51:50] [INFO] Admin 7 deleted user ID: 5
[2026-04-20 17:52:25] [INFO] Index page loaded. Method: POST
[2026-04-20 17:52:47] [INFO] Index page loaded. Method: GET
[2026-04-20 17:52:50] [INFO] Index page loaded. Method: POST
[2026-04-20 17:52:50] [INFO] Forecast cleared by user
[2026-04-20 17:53:08] [INFO] Per-school forecast cleared by user 7
[2026-04-20 17:53:12] [INFO] Index page loaded. Method: GET
[2026-04-20 17:54:06] [INFO] Index page loaded. Method: POST
[2026-04-20 17:54:18] [INFO] Index page loaded. Method: POST
[2026-04-20 17:54:18] [INFO] File upload initiated
[2026-04-20 17:54:18] [INFO] File uploaded successfully: NCR_Total_Enrollees.csv
[2026-04-20 17:54:20] [INFO] Index page loaded. Method: POST
[2026-04-20 17:54:20] [INFO] Forecast generation initiated
[2026-04-20 17:54:25] [INFO] Forecast generated successfully
[2026-04-20 17:54:43] [INFO] Per-school CSV uploaded by user 7
[2026-04-20 17:55:02] [INFO] Per-school forecast generated by user 7
[2026-04-20 17:55:35] [INFO] Admin 7 added user: admin2
[2026-04-20 17:55:54] [INFO] Admin 7 added user: user1
[2026-04-20 17:56:24] [INFO] Index page loaded. Method: POST
[2026-04-23 14:10:16] [INFO] Index page loaded. Method: POST
[2026-04-23 14:10:23] [INFO] Index page loaded. Method: POST
[2026-04-23 14:10:23] [INFO] Forecast cleared by user
[2026-04-23 14:10:32] [INFO] Index page loaded. Method: POST
[2026-04-23 14:10:32] [INFO] File upload initiated
[2026-04-23 14:10:32] [INFO] File uploaded successfully: NCR_Total_Enrollees.csv
[2026-04-23 14:10:33] [INFO] Index page loaded. Method: POST
[2026-04-23 14:10:33] [INFO] Forecast generation initiated
[2026-04-23 14:10:54] [INFO] Forecast generated successfully
[2026-04-23 14:12:30] [INFO] Index page loaded. Method: GET
[2026-04-23 14:12:42] [INFO] Index page loaded. Method: POST
[2026-04-24 08:25:22] [INFO] Index page loaded. Method: POST
[2026-04-24 08:34:17] [INFO] Index page loaded. Method: GET
[2026-04-24 08:34:53] [INFO] Admin 7 added user: user2
[2026-04-24 08:38:54] [INFO] Index page loaded. Method: POST
[2026-04-24 08:39:38] [INFO] Index page loaded. Method: POST
[2026-04-24 08:41:33] [INFO] Index page loaded. Method: GET
[2026-04-24 08:42:11] [INFO] Index page loaded. Method: GET
[2026-05-02 11:44:34] [INFO] Index page loaded. Method: POST
[2026-05-03 15:39:59] [INFO] Index page loaded. Method: POST
[2026-05-03 15:40:05] [INFO] Index page loaded. Method: POST
[2026-05-03 15:40:05] [INFO] Forecast cleared by user
[2026-05-03 15:40:09] [INFO] Per-school forecast cleared by user 7
[2026-05-03 15:40:21] [INFO] Admin 7 deleted user ID: 9
[2026-05-03 15:40:24] [INFO] Admin 7 deleted user ID: 10
[2026-05-03 15:40:26] [INFO] Admin 7 deleted user ID: 11
[2026-05-03 15:40:49] [INFO] Index page loaded. Method: POST
[2026-05-03 15:41:00] [INFO] Index page loaded. Method: POST
[2026-05-03 15:41:00] [INFO] File upload initiated
[2026-05-03 15:41:00] [INFO] File uploaded successfully: NCR_Total_Enrollees.csv
[2026-05-03 15:41:03] [INFO] Index page loaded. Method: POST
[2026-05-03 15:41:03] [INFO] Forecast generation initiated
[2026-05-03 15:41:10] [INFO] Forecast generated successfully
[2026-05-03 15:41:28] [INFO] Per-school CSV uploaded by user 7
[2026-05-03 15:41:45] [INFO] Per-school forecast generated by user 7
[2026-05-03 15:42:45] [INFO] Index page loaded. Method: POST
[2026-05-03 15:42:50] [INFO] Index page loaded. Method: POST
[2026-05-03 15:42:50] [INFO] Forecast cleared by user
[2026-05-03 15:42:54] [INFO] Per-school forecast cleared by user 7
[2026-05-03 15:49:40] [INFO] Index page loaded. Method: POST
[2026-05-03 16:00:09] [INFO] Index page loaded. Method: POST
[2026-05-03 16:00:16] [INFO] Index page loaded. Method: POST
[2026-05-03 16:00:16] [INFO] File upload initiated
[2026-05-03 16:00:16] [INFO] File uploaded successfully: NCR_Total_Enrollees.csv
[2026-05-03 16:00:18] [INFO] Index page loaded. Method: POST
[2026-05-03 16:00:18] [INFO] Forecast generation initiated
[2026-05-03 16:00:24] [INFO] Forecast generated successfully
[2026-05-03 16:00:39] [INFO] Per-school CSV uploaded by user 7
[2026-05-03 16:01:08] [INFO] Per-school forecast generated by user 7
