2026-04-20 23:44:17 - __main__ - INFO - Starting forecast generation process
2026-04-20 23:44:17 - __main__ - INFO - Config loaded: class_size=50, academic_ratio=0.3, sections_per_teacher=1.5, forecast_years=5
2026-04-20 23:44:17 - __main__ - INFO - NCR total CSV only — running single NCR-level forecast
2026-04-20 23:44:18 - __main__ - INFO - NCR total forecast saved to forecast.csv
2026-04-20 23:44:18 - __main__ - INFO - Accuracy: MAPE=64.81%, Accuracy=35.19%
2026-04-20 23:44:19 - generate_report - INFO - Starting PDF report generation
2026-04-20 23:44:19 - generate_report - INFO - Loading forecast data from CSV
2026-04-20 23:44:19 - generate_report - INFO - Loaded 5 rows of forecast data
2026-04-20 23:44:19 - generate_report - INFO - Creating PDF document: forecast_report.pdf
2026-04-20 23:44:19 - generate_report - INFO - Building PDF document
2026-04-20 23:44:19 - generate_report - INFO - PDF report generated successfully: forecast_report.pdf
2026-04-20 23:44:19 - __main__ - INFO - PDF report generated
2026-04-20 23:44:19 - __main__ - INFO - Forecast generation completed successfully
2026-04-20 23:44:46 - __main__ - INFO - Starting forecast generation process
2026-04-20 23:44:46 - __main__ - INFO - Config loaded: class_size=50, academic_ratio=0.3, sections_per_teacher=1.5, forecast_years=5
2026-04-20 23:44:46 - __main__ - INFO - Per-school CSV detected — running per-school forecasting
2026-04-20 23:44:46 - __main__ - INFO - Forecasting for 31 schools
2026-04-20 23:45:01 - __main__ - INFO - Per-school forecast saved: 155 rows across 31 schools
2026-04-20 23:45:01 - __main__ - INFO - NCR total forecast (aggregated from schools) saved to forecast.csv
2026-04-20 23:45:01 - __main__ - INFO - NCR_Total_Enrollees.csv derived from per-school data
2026-04-20 23:45:01 - __main__ - INFO - Accuracy: MAPE=6.98%, Accuracy=93.02%
2026-04-20 23:45:01 - generate_report - INFO - Starting PDF report generation
2026-04-20 23:45:01 - generate_report - INFO - Loading forecast data from CSV
2026-04-20 23:45:01 - generate_report - INFO - Loaded 5 rows of forecast data
2026-04-20 23:45:01 - generate_report - INFO - Creating PDF document: forecast_report.pdf
2026-04-20 23:45:01 - generate_report - INFO - Building PDF document
2026-04-20 23:45:01 - generate_report - INFO - PDF report generated successfully: forecast_report.pdf
2026-04-20 23:45:01 - __main__ - INFO - PDF report generated
2026-04-20 23:45:01 - __main__ - INFO - Forecast generation completed successfully
2026-04-20 23:54:23 - __main__ - INFO - Starting forecast generation process
2026-04-20 23:54:23 - __main__ - INFO - Config loaded: class_size=50, academic_ratio=0.3, sections_per_teacher=1.5, forecast_years=5
2026-04-20 23:54:23 - __main__ - INFO - NCR total CSV only — running single NCR-level forecast
2026-04-20 23:54:24 - __main__ - INFO - NCR total forecast saved to forecast.csv
2026-04-20 23:54:24 - __main__ - INFO - Accuracy: MAPE=64.81%, Accuracy=35.19%
2026-04-20 23:54:24 - generate_report - INFO - Starting PDF report generation
2026-04-20 23:54:24 - generate_report - INFO - Loading forecast data from CSV
2026-04-20 23:54:24 - generate_report - INFO - Loaded 5 rows of forecast data
2026-04-20 23:54:24 - generate_report - INFO - Creating PDF document: forecast_report.pdf
2026-04-20 23:54:24 - generate_report - INFO - Building PDF document
2026-04-20 23:54:24 - generate_report - INFO - PDF report generated successfully: forecast_report.pdf
2026-04-20 23:54:24 - __main__ - INFO - PDF report generated
2026-04-20 23:54:24 - __main__ - INFO - Forecast generation completed successfully
2026-04-20 23:54:47 - __main__ - INFO - Starting forecast generation process
2026-04-20 23:54:47 - __main__ - INFO - Config loaded: class_size=50, academic_ratio=0.3, sections_per_teacher=1.5, forecast_years=5
2026-04-20 23:54:47 - __main__ - INFO - Per-school CSV detected — running per-school forecasting
2026-04-20 23:54:47 - __main__ - INFO - Forecasting for 31 schools
2026-04-20 23:55:01 - __main__ - INFO - Per-school forecast saved: 155 rows across 31 schools
2026-04-20 23:55:01 - __main__ - INFO - NCR total forecast (aggregated from schools) saved to forecast.csv
2026-04-20 23:55:01 - __main__ - INFO - NCR_Total_Enrollees.csv derived from per-school data
2026-04-20 23:55:01 - __main__ - INFO - Accuracy: MAPE=6.98%, Accuracy=93.02%
2026-04-20 23:55:01 - generate_report - INFO - Starting PDF report generation
2026-04-20 23:55:01 - generate_report - INFO - Loading forecast data from CSV
2026-04-20 23:55:01 - generate_report - INFO - Loaded 5 rows of forecast data
2026-04-20 23:55:01 - generate_report - INFO - Creating PDF document: forecast_report.pdf
2026-04-20 23:55:01 - generate_report - INFO - Building PDF document
2026-04-20 23:55:01 - generate_report - INFO - PDF report generated successfully: forecast_report.pdf
2026-04-20 23:55:01 - __main__ - INFO - PDF report generated
2026-04-20 23:55:01 - __main__ - INFO - Forecast generation completed successfully
