[25-Mar-2026 06:58:24 Europe/Berlin] PHP Warning:  Undefined variable $max_upload_size in C:\xampp\htdocs\ncr_forecast\index.php on line 164
[25-Mar-2026 06:58:24 Europe/Berlin] PHP Warning:  Undefined variable $isAjax in C:\xampp\htdocs\ncr_forecast\index.php on line 186
[25-Mar-2026 06:59:09 Europe/Berlin] PHP Warning:  Undefined variable $max_upload_size in C:\xampp\htdocs\ncr_forecast\index.php on line 164
[25-Mar-2026 06:59:09 Europe/Berlin] PHP Warning:  Undefined variable $isAjax in C:\xampp\htdocs\ncr_forecast\index.php on line 186
[25-Mar-2026 06:59:09 Europe/Berlin] PHP Warning:  Undefined variable $max_upload_size in C:\xampp\htdocs\ncr_forecast\index.php on line 164
[25-Mar-2026 06:59:09 Europe/Berlin] PHP Warning:  Undefined variable $isAjax in C:\xampp\htdocs\ncr_forecast\index.php on line 186
[30-Mar-2026 13:25:46 Europe/Berlin] PHP Warning:  Undefined variable $fc_years in C:\xampp\htdocs\ncr_forecast\index.php on line 621
[30-Mar-2026 13:25:46 Europe/Berlin] PHP Warning:  Undefined variable $fc_years in C:\xampp\htdocs\ncr_forecast\index.php on line 678
[30-Mar-2026 13:25:46 Europe/Berlin] PHP Warning:  Undefined variable $fc_acad_pct in C:\xampp\htdocs\ncr_forecast\index.php on line 1220
[30-Mar-2026 13:25:46 Europe/Berlin] PHP Warning:  Undefined variable $fc_class_size in C:\xampp\htdocs\ncr_forecast\index.php on line 1220
[30-Mar-2026 13:25:46 Europe/Berlin] PHP Warning:  Undefined variable $fc_tvl_pct in C:\xampp\htdocs\ncr_forecast\index.php on line 1223
[30-Mar-2026 13:25:46 Europe/Berlin] PHP Warning:  Undefined variable $fc_class_size in C:\xampp\htdocs\ncr_forecast\index.php on line 1223
[30-Mar-2026 13:25:46 Europe/Berlin] PHP Warning:  Undefined variable $fc_spt in C:\xampp\htdocs\ncr_forecast\index.php on line 1227
[30-Mar-2026 13:25:46 Europe/Berlin] PHP Warning:  Undefined variable $fc_spt in C:\xampp\htdocs\ncr_forecast\index.php on line 1229
[30-Mar-2026 13:25:46 Europe/Berlin] PHP Warning:  Undefined variable $fc_spt in C:\xampp\htdocs\ncr_forecast\index.php on line 1232
[30-Mar-2026 13:25:46 Europe/Berlin] PHP Warning:  Undefined variable $fc_class_size in C:\xampp\htdocs\ncr_forecast\index.php on line 1237
[30-Mar-2026 13:25:46 Europe/Berlin] PHP Warning:  Undefined variable $fc_acad_pct in C:\xampp\htdocs\ncr_forecast\index.php on line 1237
[30-Mar-2026 13:25:46 Europe/Berlin] PHP Warning:  Undefined variable $fc_tvl_pct in C:\xampp\htdocs\ncr_forecast\index.php on line 1237
[30-Mar-2026 13:25:46 Europe/Berlin] PHP Warning:  Undefined variable $fc_years in C:\xampp\htdocs\ncr_forecast\index.php on line 1237
[30-Mar-2026 13:25:46 Europe/Berlin] PHP Warning:  Undefined variable $fc_spt in C:\xampp\htdocs\ncr_forecast\index.php on line 1237
[30-Mar-2026 13:38:46 Europe/Berlin] PHP Warning:  Undefined variable $fc_years in C:\xampp\htdocs\ncr_forecast\index.php on line 621
[30-Mar-2026 13:38:46 Europe/Berlin] PHP Warning:  Undefined variable $fc_years in C:\xampp\htdocs\ncr_forecast\index.php on line 678
[30-Mar-2026 13:38:46 Europe/Berlin] PHP Warning:  Undefined variable $fc_acad_pct in C:\xampp\htdocs\ncr_forecast\index.php on line 1220
[30-Mar-2026 13:38:46 Europe/Berlin] PHP Warning:  Undefined variable $fc_class_size in C:\xampp\htdocs\ncr_forecast\index.php on line 1220
[30-Mar-2026 13:38:46 Europe/Berlin] PHP Warning:  Undefined variable $fc_tvl_pct in C:\xampp\htdocs\ncr_forecast\index.php on line 1223
[30-Mar-2026 13:38:46 Europe/Berlin] PHP Warning:  Undefined variable $fc_class_size in C:\xampp\htdocs\ncr_forecast\index.php on line 1223
[30-Mar-2026 13:38:46 Europe/Berlin] PHP Warning:  Undefined variable $fc_spt in C:\xampp\htdocs\ncr_forecast\index.php on line 1227
[30-Mar-2026 13:38:46 Europe/Berlin] PHP Warning:  Undefined variable $fc_spt in C:\xampp\htdocs\ncr_forecast\index.php on line 1229
[30-Mar-2026 13:38:46 Europe/Berlin] PHP Warning:  Undefined variable $fc_spt in C:\xampp\htdocs\ncr_forecast\index.php on line 1232
[30-Mar-2026 13:38:46 Europe/Berlin] PHP Warning:  Undefined variable $fc_class_size in C:\xampp\htdocs\ncr_forecast\index.php on line 1237
[30-Mar-2026 13:38:46 Europe/Berlin] PHP Warning:  Undefined variable $fc_acad_pct in C:\xampp\htdocs\ncr_forecast\index.php on line 1237
[30-Mar-2026 13:38:46 Europe/Berlin] PHP Warning:  Undefined variable $fc_tvl_pct in C:\xampp\htdocs\ncr_forecast\index.php on line 1237
[30-Mar-2026 13:38:46 Europe/Berlin] PHP Warning:  Undefined variable $fc_years in C:\xampp\htdocs\ncr_forecast\index.php on line 1237
[30-Mar-2026 13:38:46 Europe/Berlin] PHP Warning:  Undefined variable $fc_spt in C:\xampp\htdocs\ncr_forecast\index.php on line 1237
[30-Mar-2026 13:39:46 Europe/Berlin] PHP Warning:  Undefined variable $fc_years in C:\xampp\htdocs\ncr_forecast\index.php on line 621
[30-Mar-2026 13:39:46 Europe/Berlin] PHP Warning:  Undefined variable $fc_years in C:\xampp\htdocs\ncr_forecast\index.php on line 678
[30-Mar-2026 13:39:46 Europe/Berlin] PHP Warning:  Undefined variable $fc_acad_pct in C:\xampp\htdocs\ncr_forecast\index.php on line 1220
[30-Mar-2026 13:39:46 Europe/Berlin] PHP Warning:  Undefined variable $fc_class_size in C:\xampp\htdocs\ncr_forecast\index.php on line 1220
[30-Mar-2026 13:39:46 Europe/Berlin] PHP Warning:  Undefined variable $fc_tvl_pct in C:\xampp\htdocs\ncr_forecast\index.php on line 1223
[30-Mar-2026 13:39:46 Europe/Berlin] PHP Warning:  Undefined variable $fc_class_size in C:\xampp\htdocs\ncr_forecast\index.php on line 1223
[30-Mar-2026 13:39:46 Europe/Berlin] PHP Warning:  Undefined variable $fc_spt in C:\xampp\htdocs\ncr_forecast\index.php on line 1227
[30-Mar-2026 13:39:46 Europe/Berlin] PHP Warning:  Undefined variable $fc_spt in C:\xampp\htdocs\ncr_forecast\index.php on line 1229
[30-Mar-2026 13:39:46 Europe/Berlin] PHP Warning:  Undefined variable $fc_spt in C:\xampp\htdocs\ncr_forecast\index.php on line 1232
[30-Mar-2026 13:39:46 Europe/Berlin] PHP Warning:  Undefined variable $fc_class_size in C:\xampp\htdocs\ncr_forecast\index.php on line 1237
[30-Mar-2026 13:39:46 Europe/Berlin] PHP Warning:  Undefined variable $fc_acad_pct in C:\xampp\htdocs\ncr_forecast\index.php on line 1237
[30-Mar-2026 13:39:46 Europe/Berlin] PHP Warning:  Undefined variable $fc_tvl_pct in C:\xampp\htdocs\ncr_forecast\index.php on line 1237
[30-Mar-2026 13:39:46 Europe/Berlin] PHP Warning:  Undefined variable $fc_years in C:\xampp\htdocs\ncr_forecast\index.php on line 1237
[30-Mar-2026 13:39:46 Europe/Berlin] PHP Warning:  Undefined variable $fc_spt in C:\xampp\htdocs\ncr_forecast\index.php on line 1237
